building the system configuration...
these 6 derivations will be built:
  /nix/store/2pvspjycs7r8w0viql4ilh0rh6lqp1ma-virtualbox-modules-7.0.14-6.9.drv
  /nix/store/56ln4bbjlxb5hhhbbjg4bqwc4ppyv8hm-linux-6.9-modules.drv
  /nix/store/jgr71b1qvgxm2hgly27vg3k1aswff3yv-linux-6.9-modules-shrunk.drv
  /nix/store/h2mb1qgjgvsy4gn68pj0v119ixywmqcy-initrd-linux-6.9.drv
  /nix/store/5lshpifzxkrfyzc4wrfrfpv2b7vzr9qi-boot.json.drv
  /nix/store/prd3v7brk7qx33q631j44vwb2h46b7qg-nixos-system-nixos-24.05.20240515.33d1e75.drv
building '/nix/store/2pvspjycs7r8w0viql4ilh0rh6lqp1ma-virtualbox-modules-7.0.14-6.9.drv'...
error: builder for '/nix/store/2pvspjycs7r8w0viql4ilh0rh6lqp1ma-virtualbox-modules-7.0.14-6.9.drv' failed with exit code 2;
       last 10 log lines:
       >       |         pmd_page
       > cc1: some warnings being treated as errors
       > make[4]: *** [/nix/store/7j5krfzkiw31vkkv1jy13lpfzkiryn5s-linux-6.9-dev/lib/modules/6.9.0/source/scripts/Makefile.build:244: /build/virtualbox-7.0.14-modsrc/vboxdrv/combined-os-specific.o] Error 1
       > make[4]: *** Waiting for unfinished jobs....
       > make[3]: *** [/nix/store/7j5krfzkiw31vkkv1jy13lpfzkiryn5s-linux-6.9-dev/lib/modules/6.9.0/source/Makefile:1919: /build/virtualbox-7.0.14-modsrc/vboxdrv] Error 2
       > make[2]: *** [/nix/store/7j5krfzkiw31vkkv1jy13lpfzkiryn5s-linux-6.9-dev/lib/modules/6.9.0/source/Makefile:240: __sub-make] Error 2
       > make[2]: Leaving directory '/nix/store/7j5krfzkiw31vkkv1jy13lpfzkiryn5s-linux-6.9-dev/lib/modules/6.9.0/build'
       > make[1]: *** [/build/virtualbox-7.0.14-modsrc/vboxdrv/Makefile-footer.gmk:133: vboxdrv] Error 2
       > make[1]: Leaving directory '/build/virtualbox-7.0.14-modsrc/vboxdrv'
       > make: *** [Makefile:78: vboxdrv] Error 2
       For full logs, run 'nix log /nix/store/2pvspjycs7r8w0viql4ilh0rh6lqp1ma-virtualbox-modules-7.0.14-6.9.drv'.
error: 1 dependencies of derivation '/nix/store/56ln4bbjlxb5hhhbbjg4bqwc4ppyv8hm-linux-6.9-modules.drv' failed to build
error: 1 dependencies of derivation '/nix/store/prd3v7brk7qx33q631j44vwb2h46b7qg-nixos-system-nixos-24.05.20240515.33d1e75.drv' failed to build
